<?xml version="1.0" encoding="UTF-8"?>
<coverage generated="1754988111002" clover="3.2.0">
  <project timestamp="1754988111002" name="All files">
    <metrics statements="278" coveredstatements="95" conditionals="189" coveredconditionals="72" methods="18" coveredmethods="7" elements="485" coveredelements="174" complexity="0" loc="278" ncloc="278" packages="1" files="1" classes="1"/>
    <file name="personaService.js" path="/Users/yash/Desktop/AI-Persona/backend/src/services/personaService.js">
      <metrics statements="278" coveredstatements="95" conditionals="189" coveredconditionals="72" methods="18" coveredmethods="7"/>
      <line num="7" count="1" type="stmt"/>
      <line num="8" count="1" type="stmt"/>
      <line num="9" count="1" type="stmt"/>
      <line num="10" count="1" type="stmt"/>
      <line num="11" count="1" type="stmt"/>
      <line num="12" count="1" type="stmt"/>
      <line num="13" count="1" type="stmt"/>
      <line num="14" count="1" type="stmt"/>
      <line num="16" count="1" type="stmt"/>
      <line num="19" count="1" type="stmt"/>
      <line num="20" count="1" type="stmt"/>
      <line num="21" count="1" type="stmt"/>
      <line num="30" count="7" type="stmt"/>
      <line num="32" count="7" type="cond" truecount="4" falsecount="0"/>
      <line num="33" count="3" type="stmt"/>
      <line num="36" count="4" type="cond" truecount="1" falsecount="0"/>
      <line num="38" count="4" type="stmt"/>
      <line num="42" count="4" type="stmt"/>
      <line num="51" count="4" type="cond" truecount="2" falsecount="0"/>
      <line num="52" count="1" type="stmt"/>
      <line num="55" count="1" type="stmt"/>
      <line num="59" count="3" type="stmt"/>
      <line num="64" count="4" type="stmt"/>
      <line num="71" count="3" type="stmt"/>
      <line num="90" count="4" type="cond" truecount="2" falsecount="0"/>
      <line num="91" count="1" type="stmt"/>
      <line num="92" count="1" type="stmt"/>
      <line num="103" count="7" type="stmt"/>
      <line num="105" count="7" type="cond" truecount="4" falsecount="0"/>
      <line num="106" count="2" type="stmt"/>
      <line num="109" count="5" type="cond" truecount="4" falsecount="0"/>
      <line num="110" count="1" type="stmt"/>
      <line num="113" count="4" type="stmt"/>
      <line num="128" count="3" type="cond" truecount="2" falsecount="0"/>
      <line num="129" count="1" type="stmt"/>
      <line num="133" count="2" type="stmt"/>
      <line num="134" count="2" type="stmt"/>
      <line num="136" count="0" type="stmt"/>
      <line num="156" count="7" type="cond" truecount="2" falsecount="0"/>
      <line num="157" count="3" type="stmt"/>
      <line num="158" count="3" type="stmt"/>
      <line num="169" count="6" type="stmt"/>
      <line num="171" count="6" type="cond" truecount="4" falsecount="0"/>
      <line num="172" count="1" type="stmt"/>
      <line num="175" count="5" type="cond" truecount="4" falsecount="0"/>
      <line num="176" count="1" type="stmt"/>
      <line num="180" count="4" type="stmt"/>
      <line num="184" count="3" type="cond" truecount="2" falsecount="0"/>
      <line num="185" count="1" type="stmt"/>
      <line num="189" count="2" type="stmt"/>
      <line num="201" count="2" type="cond" truecount="2" falsecount="0"/>
      <line num="203" count="1" type="stmt"/>
      <line num="211" count="1" type="stmt"/>
      <line num="212" count="1" type="stmt"/>
      <line num="215" count="1" type="stmt"/>
      <line num="221" count="1" type="stmt"/>
      <line num="222" count="1" type="stmt"/>
      <line num="226" count="2" type="stmt"/>
      <line num="231" count="2" type="stmt"/>
      <line num="233" count="4" type="cond" truecount="2" falsecount="0"/>
      <line num="234" count="1" type="stmt"/>
      <line num="235" count="1" type="stmt"/>
      <line num="257" count="14" type="stmt"/>
      <line num="259" count="14" type="stmt"/>
      <line num="261" count="14" type="cond" truecount="4" falsecount="0"/>
      <line num="262" count="1" type="stmt"/>
      <line num="265" count="13" type="cond" truecount="4" falsecount="0"/>
      <line num="266" count="1" type="stmt"/>
      <line num="269" count="12" type="cond" truecount="4" falsecount="0"/>
      <line num="270" count="1" type="stmt"/>
      <line num="274" count="11" type="stmt"/>
      <line num="278" count="11" type="cond" truecount="2" falsecount="0"/>
      <line num="279" count="1" type="stmt"/>
      <line num="282" count="10" type="cond" truecount="2" falsecount="0"/>
      <line num="283" count="1" type="stmt"/>
      <line num="287" count="9" type="stmt"/>
      <line num="288" count="9" type="cond" truecount="0" falsecount="2"/>
      <line num="289" count="0" type="stmt"/>
      <line num="294" count="0" type="cond" truecount="0" falsecount="2"/>
      <line num="295" count="0" type="stmt"/>
      <line num="304" count="0" type="cond" truecount="0" falsecount="2"/>
      <line num="305" count="0" type="stmt"/>
      <line num="309" count="0" type="stmt"/>
      <line num="319" count="0" type="stmt"/>
      <line num="320" count="0" type="cond" truecount="0" falsecount="2"/>
      <line num="321" count="0" type="stmt"/>
      <line num="330" count="0" type="cond" truecount="0" falsecount="2"/>
      <line num="331" count="0" type="stmt"/>
      <line num="336" count="0" type="stmt"/>
      <line num="344" count="0" type="stmt"/>
      <line num="357" count="0" type="stmt"/>
      <line num="361" count="0" type="stmt"/>
      <line num="363" count="0" type="stmt"/>
      <line num="364" count="0" type="stmt"/>
      <line num="365" count="0" type="stmt"/>
      <line num="383" count="0" type="stmt"/>
      <line num="384" count="0" type="stmt"/>
      <line num="386" count="0" type="stmt"/>
      <line num="391" count="0" type="cond" truecount="0" falsecount="2"/>
      <line num="393" count="0" type="stmt"/>
      <line num="394" count="0" type="stmt"/>
      <line num="399" count="0" type="cond" truecount="0" falsecount="2"/>
      <line num="408" count="0" type="stmt"/>
      <line num="411" count="0" type="stmt"/>
      <line num="418" count="0" type="stmt"/>
      <line num="422" count="0" type="stmt"/>
      <line num="426" count="0" type="cond" truecount="0" falsecount="6"/>
      <line num="436" count="0" type="stmt"/>
      <line num="453" count="0" type="stmt"/>
      <line num="460" count="0" type="stmt"/>
      <line num="480" count="14" type="cond" truecount="2" falsecount="0"/>
      <line num="481" count="9" type="stmt"/>
      <line num="482" count="9" type="stmt"/>
      <line num="494" count="6" type="stmt"/>
      <line num="496" count="6" type="cond" truecount="4" falsecount="0"/>
      <line num="497" count="1" type="stmt"/>
      <line num="500" count="5" type="cond" truecount="4" falsecount="0"/>
      <line num="501" count="1" type="stmt"/>
      <line num="504" count="4" type="cond" truecount="1" falsecount="0"/>
      <line num="507" count="4" type="stmt"/>
      <line num="526" count="4" type="cond" truecount="2" falsecount="0"/>
      <line num="528" count="1" type="stmt"/>
      <line num="531" count="3" type="stmt"/>
      <line num="534" count="4" type="stmt"/>
      <line num="564" count="3" type="stmt"/>
      <line num="577" count="3" type="cond" truecount="2" falsecount="0"/>
      <line num="578" count="1" type="stmt"/>
      <line num="579" count="1" type="stmt"/>
      <line num="595" count="0" type="stmt"/>
      <line num="597" count="0" type="stmt"/>
      <line num="610" count="0" type="cond" truecount="0" falsecount="2"/>
      <line num="611" count="0" type="stmt"/>
      <line num="615" count="0" type="cond" truecount="0" falsecount="2"/>
      <line num="616" count="0" type="stmt"/>
      <line num="623" count="0" type="stmt"/>
      <line num="625" count="0" type="cond" truecount="0" falsecount="2"/>
      <line num="628" count="0" type="cond" truecount="0" falsecount="4"/>
      <line num="629" count="0" type="stmt"/>
      <line num="636" count="0" type="cond" truecount="0" falsecount="2"/>
      <line num="637" count="0" type="stmt"/>
      <line num="644" count="0" type="stmt"/>
      <line num="650" count="0" type="stmt"/>
      <line num="660" count="0" type="stmt"/>
      <line num="665" count="0" type="cond" truecount="0" falsecount="2"/>
      <line num="666" count="0" type="stmt"/>
      <line num="667" count="0" type="stmt"/>
      <line num="679" count="0" type="stmt"/>
      <line num="681" count="0" type="stmt"/>
      <line num="689" count="0" type="cond" truecount="0" falsecount="2"/>
      <line num="690" count="0" type="stmt"/>
      <line num="694" count="0" type="cond" truecount="0" falsecount="2"/>
      <line num="695" count="0" type="stmt"/>
      <line num="699" count="0" type="cond" truecount="0" falsecount="2"/>
      <line num="700" count="0" type="stmt"/>
      <line num="704" count="0" type="stmt"/>
      <line num="705" count="0" type="stmt"/>
      <line num="706" count="0" type="cond" truecount="0" falsecount="2"/>
      <line num="707" count="0" type="stmt"/>
      <line num="711" count="0" type="cond" truecount="0" falsecount="2"/>
      <line num="712" count="0" type="stmt"/>
      <line num="716" count="0" type="cond" truecount="0" falsecount="2"/>
      <line num="717" count="0" type="stmt"/>
      <line num="721" count="0" type="stmt"/>
      <line num="723" count="0" type="stmt"/>
      <line num="731" count="0" type="stmt"/>
      <line num="740" count="0" type="stmt"/>
      <line num="750" count="0" type="stmt"/>
      <line num="764" count="0" type="stmt"/>
      <line num="770" count="0" type="stmt"/>
      <line num="772" count="0" type="stmt"/>
      <line num="773" count="0" type="stmt"/>
      <line num="774" count="0" type="stmt"/>
      <line num="792" count="0" type="stmt"/>
      <line num="793" count="0" type="stmt"/>
      <line num="795" count="0" type="stmt"/>
      <line num="800" count="0" type="cond" truecount="0" falsecount="2"/>
      <line num="801" count="0" type="stmt"/>
      <line num="802" count="0" type="stmt"/>
      <line num="807" count="0" type="cond" truecount="0" falsecount="2"/>
      <line num="808" count="0" type="stmt"/>
      <line num="812" count="0" type="stmt"/>
      <line num="829" count="0" type="stmt"/>
      <line num="837" count="0" type="stmt"/>
      <line num="844" count="0" type="stmt"/>
      <line num="846" count="0" type="cond" truecount="0" falsecount="2"/>
      <line num="847" count="0" type="cond" truecount="0" falsecount="2"/>
      <line num="848" count="0" type="stmt"/>
      <line num="850" count="0" type="stmt"/>
      <line num="851" count="0" type="stmt"/>
      <line num="863" count="0" type="stmt"/>
      <line num="865" count="0" type="stmt"/>
      <line num="884" count="0" type="cond" truecount="0" falsecount="2"/>
      <line num="885" count="0" type="stmt"/>
      <line num="889" count="0" type="stmt"/>
      <line num="890" count="0" type="stmt"/>
      <line num="893" count="0" type="stmt"/>
      <line num="894" count="0" type="stmt"/>
      <line num="901" count="0" type="stmt"/>
      <line num="912" count="0" type="stmt"/>
      <line num="917" count="0" type="cond" truecount="0" falsecount="2"/>
      <line num="918" count="0" type="stmt"/>
      <line num="919" count="0" type="stmt"/>
      <line num="931" count="0" type="stmt"/>
      <line num="933" count="0" type="stmt"/>
      <line num="937" count="0" type="cond" truecount="0" falsecount="2"/>
      <line num="938" count="0" type="stmt"/>
      <line num="942" count="0" type="stmt"/>
      <line num="951" count="0" type="stmt"/>
      <line num="952" count="0" type="stmt"/>
      <line num="954" count="0" type="cond" truecount="0" falsecount="2"/>
      <line num="955" count="0" type="cond" truecount="0" falsecount="2"/>
      <line num="957" count="0" type="stmt"/>
      <line num="965" count="0" type="stmt"/>
      <line num="966" count="0" type="stmt"/>
      <line num="969" count="0" type="stmt"/>
      <line num="978" count="0" type="stmt"/>
      <line num="979" count="0" type="stmt"/>
      <line num="983" count="0" type="stmt"/>
      <line num="990" count="0" type="stmt"/>
      <line num="994" count="0" type="stmt"/>
      <line num="1001" count="0" type="stmt"/>
      <line num="1008" count="0" type="cond" truecount="0" falsecount="2"/>
      <line num="1009" count="0" type="stmt"/>
      <line num="1010" count="0" type="stmt"/>
      <line num="1022" count="0" type="stmt"/>
      <line num="1024" count="0" type="stmt"/>
      <line num="1046" count="0" type="cond" truecount="0" falsecount="2"/>
      <line num="1047" count="0" type="stmt"/>
      <line num="1051" count="0" type="stmt"/>
      <line num="1052" count="0" type="stmt"/>
      <line num="1054" count="0" type="cond" truecount="0" falsecount="2"/>
      <line num="1057" count="0" type="cond" truecount="0" falsecount="4"/>
      <line num="1058" count="0" type="stmt"/>
      <line num="1065" count="0" type="stmt"/>
      <line num="1073" count="0" type="stmt"/>
      <line num="1079" count="0" type="stmt"/>
      <line num="1085" count="0" type="cond" truecount="0" falsecount="2"/>
      <line num="1086" count="0" type="stmt"/>
      <line num="1087" count="0" type="stmt"/>
      <line num="1099" count="0" type="stmt"/>
      <line num="1101" count="0" type="stmt"/>
      <line num="1123" count="0" type="cond" truecount="0" falsecount="2"/>
      <line num="1124" count="0" type="stmt"/>
      <line num="1128" count="0" type="stmt"/>
      <line num="1129" count="0" type="stmt"/>
      <line num="1131" count="0" type="cond" truecount="0" falsecount="2"/>
      <line num="1134" count="0" type="cond" truecount="0" falsecount="4"/>
      <line num="1135" count="0" type="stmt"/>
      <line num="1142" count="0" type="cond" truecount="0" falsecount="2"/>
      <line num="1143" count="0" type="stmt"/>
      <line num="1147" count="0" type="cond" truecount="0" falsecount="2"/>
      <line num="1148" count="0" type="stmt"/>
      <line num="1155" count="0" type="stmt"/>
      <line num="1156" count="0" type="stmt"/>
      <line num="1157" count="0" type="stmt"/>
      <line num="1158" count="0" type="stmt"/>
      <line num="1161" count="0" type="stmt"/>
      <line num="1175" count="0" type="stmt"/>
      <line num="1181" count="0" type="stmt"/>
      <line num="1188" count="0" type="cond" truecount="0" falsecount="2"/>
      <line num="1189" count="0" type="stmt"/>
      <line num="1190" count="0" type="stmt"/>
      <line num="1200" count="0" type="stmt"/>
      <line num="1202" count="0" type="stmt"/>
      <line num="1203" count="0" type="cond" truecount="0" falsecount="2"/>
      <line num="1204" count="0" type="stmt"/>
      <line num="1208" count="0" type="stmt"/>
      <line num="1235" count="0" type="cond" truecount="0" falsecount="2"/>
      <line num="1236" count="0" type="stmt"/>
      <line num="1240" count="0" type="cond" truecount="0" falsecount="2"/>
      <line num="1241" count="0" type="stmt"/>
      <line num="1245" count="0" type="stmt"/>
      <line num="1250" count="0" type="stmt"/>
      <line num="1263" count="0" type="stmt"/>
      <line num="1270" count="0" type="cond" truecount="0" falsecount="2"/>
      <line num="1271" count="0" type="stmt"/>
      <line num="1272" count="0" type="stmt"/>
      <line num="1276" count="1" type="stmt"/>
    </file>
  </project>
</coverage>
