{"/Users/yash/Desktop/AI-Persona/backend/src/services/personaService.js": {"path":"/Users/yash/Desktop/AI-Persona/backend/src/services/personaService.js","statementMap":{"0":{"start":{"line":7,"column":25},"end":{"line":7,"column":50}},"1":{"start":{"line":8,"column":14},"end":{"line":8,"column":30}},"2":{"start":{"line":9,"column":15},"end":{"line":9,"column":41}},"3":{"start":{"line":10,"column":17},"end":{"line":10,"column":45}},"4":{"start":{"line":11,"column":29},"end":{"line":11,"column":56}},"5":{"start":{"line":12,"column":30},"end":{"line":12,"column":64}},"6":{"start":{"line":13,"column":20},"end":{"line":13,"column":44}},"7":{"start":{"line":14,"column":27},"end":{"line":14,"column":58}},"8":{"start":{"line":16,"column":15},"end":{"line":16,"column":33}},"9":{"start":{"line":19,"column":24},"end":{"line":19,"column":29}},"10":{"start":{"line":20,"column":24},"end":{"line":20,"column":25}},"11":{"start":{"line":21,"column":28},"end":{"line":21,"column":32}},"12":{"start":{"line":30,"column":2},"end":{"line":93,"column":3}},"13":{"start":{"line":32,"column":4},"end":{"line":34,"column":5}},"14":{"start":{"line":33,"column":6},"end":{"line":33,"column":58}},"15":{"start":{"line":36,"column":39},"end":{"line":36,"column":46}},"16":{"start":{"line":38,"column":18},"end":{"line":40,"column":5}},"17":{"start":{"line":42,"column":20},"end":{"line":49,"column":5}},"18":{"start":{"line":51,"column":4},"end":{"line":62,"column":5}},"19":{"start":{"line":52,"column":6},"end":{"line":54,"column":8}},"20":{"start":{"line":55,"column":6},"end":{"line":57,"column":8}},"21":{"start":{"line":59,"column":6},"end":{"line":61,"column":8}},"22":{"start":{"line":64,"column":21},"end":{"line":68,"column":6}},"23":{"start":{"line":71,"column":4},"end":{"line":88,"column":8}},"24":{"start":{"line":71,"column":38},"end":{"line":88,"column":5}},"25":{"start":{"line":90,"column":4},"end":{"line":90,"column":47}},"26":{"start":{"line":90,"column":35},"end":{"line":90,"column":47}},"27":{"start":{"line":91,"column":4},"end":{"line":91,"column":52}},"28":{"start":{"line":92,"column":4},"end":{"line":92,"column":56}},"29":{"start":{"line":103,"column":2},"end":{"line":159,"column":3}},"30":{"start":{"line":105,"column":4},"end":{"line":107,"column":5}},"31":{"start":{"line":106,"column":6},"end":{"line":106,"column":61}},"32":{"start":{"line":109,"column":4},"end":{"line":111,"column":5}},"33":{"start":{"line":110,"column":6},"end":{"line":110,"column":58}},"34":{"start":{"line":113,"column":20},"end":{"line":126,"column":6}},"35":{"start":{"line":128,"column":4},"end":{"line":130,"column":5}},"36":{"start":{"line":129,"column":6},"end":{"line":129,"column":51}},"37":{"start":{"line":133,"column":27},"end":{"line":133,"column":55}},"38":{"start":{"line":134,"column":24},"end":{"line":134,"column":48}},"39":{"start":{"line":136,"column":4},"end":{"line":154,"column":6}},"40":{"start":{"line":156,"column":4},"end":{"line":156,"column":47}},"41":{"start":{"line":156,"column":35},"end":{"line":156,"column":47}},"42":{"start":{"line":157,"column":4},"end":{"line":157,"column":51}},"43":{"start":{"line":158,"column":4},"end":{"line":158,"column":55}},"44":{"start":{"line":169,"column":2},"end":{"line":236,"column":3}},"45":{"start":{"line":171,"column":4},"end":{"line":173,"column":5}},"46":{"start":{"line":172,"column":6},"end":{"line":172,"column":61}},"47":{"start":{"line":175,"column":4},"end":{"line":177,"column":5}},"48":{"start":{"line":176,"column":6},"end":{"line":176,"column":58}},"49":{"start":{"line":180,"column":20},"end":{"line":182,"column":6}},"50":{"start":{"line":184,"column":4},"end":{"line":186,"column":5}},"51":{"start":{"line":185,"column":6},"end":{"line":185,"column":51}},"52":{"start":{"line":189,"column":30},"end":{"line":196,"column":6}},"53":{"start":{"line":201,"column":4},"end":{"line":223,"column":5}},"54":{"start":{"line":203,"column":6},"end":{"line":210,"column":9}},"55":{"start":{"line":211,"column":6},"end":{"line":211,"column":27}},"56":{"start":{"line":212,"column":6},"end":{"line":212,"column":41}},"57":{"start":{"line":215,"column":6},"end":{"line":220,"column":9}},"58":{"start":{"line":221,"column":6},"end":{"line":221,"column":26}},"59":{"start":{"line":222,"column":6},"end":{"line":222,"column":39}},"60":{"start":{"line":226,"column":4},"end":{"line":229,"column":7}},"61":{"start":{"line":231,"column":4},"end":{"line":231,"column":28}},"62":{"start":{"line":233,"column":4},"end":{"line":233,"column":47}},"63":{"start":{"line":233,"column":35},"end":{"line":233,"column":47}},"64":{"start":{"line":234,"column":4},"end":{"line":234,"column":53}},"65":{"start":{"line":235,"column":4},"end":{"line":235,"column":58}},"66":{"start":{"line":257,"column":20},"end":{"line":257,"column":24}},"67":{"start":{"line":259,"column":2},"end":{"line":483,"column":3}},"68":{"start":{"line":261,"column":4},"end":{"line":263,"column":5}},"69":{"start":{"line":262,"column":6},"end":{"line":262,"column":61}},"70":{"start":{"line":265,"column":4},"end":{"line":267,"column":5}},"71":{"start":{"line":266,"column":6},"end":{"line":266,"column":59}},"72":{"start":{"line":269,"column":4},"end":{"line":271,"column":5}},"73":{"start":{"line":270,"column":6},"end":{"line":270,"column":58}},"74":{"start":{"line":274,"column":20},"end":{"line":276,"column":6}},"75":{"start":{"line":278,"column":4},"end":{"line":280,"column":5}},"76":{"start":{"line":279,"column":6},"end":{"line":279,"column":51}},"77":{"start":{"line":282,"column":4},"end":{"line":284,"column":5}},"78":{"start":{"line":283,"column":6},"end":{"line":283,"column":55}},"79":{"start":{"line":287,"column":27},"end":{"line":287,"column":55}},"80":{"start":{"line":288,"column":4},"end":{"line":290,"column":5}},"81":{"start":{"line":289,"column":6},"end":{"line":289,"column":68}},"82":{"start":{"line":294,"column":4},"end":{"line":316,"column":5}},"83":{"start":{"line":295,"column":6},"end":{"line":302,"column":9}},"84":{"start":{"line":304,"column":6},"end":{"line":306,"column":7}},"85":{"start":{"line":305,"column":8},"end":{"line":305,"column":58}},"86":{"start":{"line":309,"column":6},"end":{"line":315,"column":9}},"87":{"start":{"line":319,"column":15},"end":{"line":319,"column":19}},"88":{"start":{"line":320,"column":4},"end":{"line":333,"column":5}},"89":{"start":{"line":321,"column":6},"end":{"line":328,"column":9}},"90":{"start":{"line":330,"column":6},"end":{"line":332,"column":7}},"91":{"start":{"line":331,"column":8},"end":{"line":331,"column":72}},"92":{"start":{"line":336,"column":4},"end":{"line":341,"column":6}},"93":{"start":{"line":344,"column":24},"end":{"line":354,"column":6}},"94":{"start":{"line":357,"column":23},"end":{"line":357,"column":78}},"95":{"start":{"line":361,"column":18},"end":{"line":361,"column":23}},"96":{"start":{"line":363,"column":4},"end":{"line":397,"column":5}},"97":{"start":{"line":363,"column":23},"end":{"line":363,"column":24}},"98":{"start":{"line":364,"column":6},"end":{"line":396,"column":7}},"99":{"start":{"line":365,"column":8},"end":{"line":381,"column":10}},"100":{"start":{"line":383,"column":8},"end":{"line":383,"column":23}},"101":{"start":{"line":384,"column":8},"end":{"line":384,"column":14}},"102":{"start":{"line":386,"column":8},"end":{"line":389,"column":10}},"103":{"start":{"line":391,"column":8},"end":{"line":395,"column":9}},"104":{"start":{"line":393,"column":24},"end":{"line":393,"column":70}},"105":{"start":{"line":394,"column":10},"end":{"line":394,"column":69}},"106":{"start":{"line":394,"column":41},"end":{"line":394,"column":67}},"107":{"start":{"line":399,"column":4},"end":{"line":419,"column":5}},"108":{"start":{"line":408,"column":6},"end":{"line":408,"column":33}},"109":{"start":{"line":411,"column":6},"end":{"line":416,"column":9}},"110":{"start":{"line":418,"column":6},"end":{"line":418,"column":69}},"111":{"start":{"line":422,"column":4},"end":{"line":422,"column":31}},"112":{"start":{"line":426,"column":6},"end":{"line":433,"column":33}},"113":{"start":{"line":436,"column":29},"end":{"line":444,"column":6}},"114":{"start":{"line":453,"column":4},"end":{"line":458,"column":7}},"115":{"start":{"line":460,"column":4},"end":{"line":465,"column":6}},"116":{"start":{"line":480,"column":4},"end":{"line":480,"column":47}},"117":{"start":{"line":480,"column":35},"end":{"line":480,"column":47}},"118":{"start":{"line":481,"column":4},"end":{"line":481,"column":71}},"119":{"start":{"line":482,"column":4},"end":{"line":482,"column":54}},"120":{"start":{"line":494,"column":2},"end":{"line":580,"column":3}},"121":{"start":{"line":496,"column":4},"end":{"line":498,"column":5}},"122":{"start":{"line":497,"column":6},"end":{"line":497,"column":58}},"123":{"start":{"line":500,"column":4},"end":{"line":502,"column":5}},"124":{"start":{"line":501,"column":6},"end":{"line":501,"column":63}},"125":{"start":{"line":504,"column":33},"end":{"line":504,"column":40}},"126":{"start":{"line":507,"column":18},"end":{"line":523,"column":5}},"127":{"start":{"line":526,"column":4},"end":{"line":532,"column":5}},"128":{"start":{"line":528,"column":6},"end":{"line":528,"column":39}},"129":{"start":{"line":531,"column":6},"end":{"line":531,"column":30}},"130":{"start":{"line":534,"column":26},"end":{"line":562,"column":6}},"131":{"start":{"line":564,"column":4},"end":{"line":575,"column":8}},"132":{"start":{"line":564,"column":48},"end":{"line":575,"column":5}},"133":{"start":{"line":577,"column":4},"end":{"line":577,"column":47}},"134":{"start":{"line":577,"column":35},"end":{"line":577,"column":47}},"135":{"start":{"line":578,"column":4},"end":{"line":578,"column":57}},"136":{"start":{"line":579,"column":4},"end":{"line":579,"column":61}},"137":{"start":{"line":595,"column":2},"end":{"line":668,"column":3}},"138":{"start":{"line":597,"column":25},"end":{"line":608,"column":6}},"139":{"start":{"line":610,"column":4},"end":{"line":612,"column":5}},"140":{"start":{"line":611,"column":6},"end":{"line":611,"column":56}},"141":{"start":{"line":615,"column":4},"end":{"line":620,"column":5}},"142":{"start":{"line":616,"column":6},"end":{"line":619,"column":8}},"143":{"start":{"line":623,"column":20},"end":{"line":623,"column":50}},"144":{"start":{"line":625,"column":6},"end":{"line":626,"column":69}},"145":{"start":{"line":628,"column":4},"end":{"line":633,"column":5}},"146":{"start":{"line":629,"column":6},"end":{"line":632,"column":8}},"147":{"start":{"line":636,"column":4},"end":{"line":641,"column":5}},"148":{"start":{"line":637,"column":6},"end":{"line":640,"column":8}},"149":{"start":{"line":644,"column":32},"end":{"line":647,"column":6}},"150":{"start":{"line":650,"column":4},"end":{"line":658,"column":6}},"151":{"start":{"line":660,"column":4},"end":{"line":663,"column":6}},"152":{"start":{"line":665,"column":4},"end":{"line":665,"column":47}},"153":{"start":{"line":665,"column":35},"end":{"line":665,"column":47}},"154":{"start":{"line":666,"column":4},"end":{"line":666,"column":67}},"155":{"start":{"line":667,"column":4},"end":{"line":667,"column":72}},"156":{"start":{"line":679,"column":2},"end":{"line":852,"column":3}},"157":{"start":{"line":681,"column":20},"end":{"line":687,"column":6}},"158":{"start":{"line":689,"column":4},"end":{"line":691,"column":5}},"159":{"start":{"line":690,"column":6},"end":{"line":690,"column":51}},"160":{"start":{"line":694,"column":4},"end":{"line":696,"column":5}},"161":{"start":{"line":695,"column":6},"end":{"line":695,"column":69}},"162":{"start":{"line":699,"column":4},"end":{"line":701,"column":5}},"163":{"start":{"line":700,"column":6},"end":{"line":700,"column":66}},"164":{"start":{"line":704,"column":21},"end":{"line":704,"column":61}},"165":{"start":{"line":705,"column":23},"end":{"line":705,"column":37}},"166":{"start":{"line":706,"column":4},"end":{"line":708,"column":5}},"167":{"start":{"line":707,"column":6},"end":{"line":707,"column":79}},"168":{"start":{"line":711,"column":4},"end":{"line":713,"column":5}},"169":{"start":{"line":712,"column":6},"end":{"line":712,"column":65}},"170":{"start":{"line":716,"column":4},"end":{"line":718,"column":5}},"171":{"start":{"line":717,"column":6},"end":{"line":717,"column":61}},"172":{"start":{"line":721,"column":19},"end":{"line":834,"column":6}},"173":{"start":{"line":723,"column":6},"end":{"line":728,"column":9}},"174":{"start":{"line":731,"column":29},"end":{"line":737,"column":8}},"175":{"start":{"line":740,"column":6},"end":{"line":747,"column":9}},"176":{"start":{"line":750,"column":34},"end":{"line":761,"column":8}},"177":{"start":{"line":764,"column":25},"end":{"line":767,"column":7}},"178":{"start":{"line":770,"column":20},"end":{"line":770,"column":25}},"179":{"start":{"line":772,"column":6},"end":{"line":805,"column":7}},"180":{"start":{"line":772,"column":25},"end":{"line":772,"column":26}},"181":{"start":{"line":773,"column":8},"end":{"line":804,"column":9}},"182":{"start":{"line":774,"column":10},"end":{"line":790,"column":12}},"183":{"start":{"line":792,"column":10},"end":{"line":792,"column":25}},"184":{"start":{"line":793,"column":10},"end":{"line":793,"column":16}},"185":{"start":{"line":795,"column":10},"end":{"line":798,"column":12}},"186":{"start":{"line":800,"column":10},"end":{"line":803,"column":11}},"187":{"start":{"line":801,"column":26},"end":{"line":801,"column":72}},"188":{"start":{"line":802,"column":12},"end":{"line":802,"column":71}},"189":{"start":{"line":802,"column":43},"end":{"line":802,"column":69}},"190":{"start":{"line":807,"column":6},"end":{"line":809,"column":7}},"191":{"start":{"line":808,"column":8},"end":{"line":808,"column":42}},"192":{"start":{"line":812,"column":31},"end":{"line":827,"column":8}},"193":{"start":{"line":829,"column":6},"end":{"line":833,"column":8}},"194":{"start":{"line":837,"column":4},"end":{"line":842,"column":7}},"195":{"start":{"line":844,"column":4},"end":{"line":844,"column":18}},"196":{"start":{"line":846,"column":4},"end":{"line":846,"column":47}},"197":{"start":{"line":846,"column":35},"end":{"line":846,"column":47}},"198":{"start":{"line":847,"column":4},"end":{"line":849,"column":5}},"199":{"start":{"line":848,"column":6},"end":{"line":848,"column":69}},"200":{"start":{"line":850,"column":4},"end":{"line":850,"column":50}},"201":{"start":{"line":851,"column":4},"end":{"line":851,"column":54}},"202":{"start":{"line":863,"column":2},"end":{"line":920,"column":3}},"203":{"start":{"line":865,"column":25},"end":{"line":882,"column":6}},"204":{"start":{"line":884,"column":4},"end":{"line":886,"column":5}},"205":{"start":{"line":885,"column":6},"end":{"line":885,"column":73}},"206":{"start":{"line":889,"column":24},"end":{"line":889,"column":50}},"207":{"start":{"line":890,"column":26},"end":{"line":890,"column":66}},"208":{"start":{"line":893,"column":19},"end":{"line":893,"column":47}},"209":{"start":{"line":894,"column":26},"end":{"line":898,"column":5}},"210":{"start":{"line":901,"column":4},"end":{"line":910,"column":7}},"211":{"start":{"line":912,"column":4},"end":{"line":915,"column":6}},"212":{"start":{"line":917,"column":4},"end":{"line":917,"column":47}},"213":{"start":{"line":917,"column":35},"end":{"line":917,"column":47}},"214":{"start":{"line":918,"column":4},"end":{"line":918,"column":57}},"215":{"start":{"line":919,"column":4},"end":{"line":919,"column":61}},"216":{"start":{"line":931,"column":2},"end":{"line":1011,"column":3}},"217":{"start":{"line":933,"column":20},"end":{"line":935,"column":6}},"218":{"start":{"line":937,"column":4},"end":{"line":939,"column":5}},"219":{"start":{"line":938,"column":6},"end":{"line":938,"column":51}},"220":{"start":{"line":942,"column":29},"end":{"line":949,"column":6}},"221":{"start":{"line":951,"column":18},"end":{"line":951,"column":23}},"222":{"start":{"line":952,"column":17},"end":{"line":952,"column":24}},"223":{"start":{"line":954,"column":4},"end":{"line":991,"column":5}},"224":{"start":{"line":955,"column":6},"end":{"line":980,"column":7}},"225":{"start":{"line":957,"column":8},"end":{"line":964,"column":11}},"226":{"start":{"line":965,"column":8},"end":{"line":965,"column":27}},"227":{"start":{"line":966,"column":8},"end":{"line":966,"column":23}},"228":{"start":{"line":969,"column":8},"end":{"line":977,"column":11}},"229":{"start":{"line":978,"column":8},"end":{"line":978,"column":27}},"230":{"start":{"line":979,"column":8},"end":{"line":979,"column":23}},"231":{"start":{"line":983,"column":6},"end":{"line":989,"column":9}},"232":{"start":{"line":990,"column":6},"end":{"line":990,"column":23}},"233":{"start":{"line":994,"column":4},"end":{"line":999,"column":7}},"234":{"start":{"line":1001,"column":4},"end":{"line":1006,"column":6}},"235":{"start":{"line":1008,"column":4},"end":{"line":1008,"column":47}},"236":{"start":{"line":1008,"column":35},"end":{"line":1008,"column":47}},"237":{"start":{"line":1009,"column":4},"end":{"line":1009,"column":52}},"238":{"start":{"line":1010,"column":4},"end":{"line":1010,"column":57}},"239":{"start":{"line":1022,"column":2},"end":{"line":1088,"column":3}},"240":{"start":{"line":1024,"column":25},"end":{"line":1044,"column":6}},"241":{"start":{"line":1046,"column":4},"end":{"line":1048,"column":5}},"242":{"start":{"line":1047,"column":6},"end":{"line":1047,"column":73}},"243":{"start":{"line":1051,"column":17},"end":{"line":1051,"column":72}},"244":{"start":{"line":1052,"column":20},"end":{"line":1052,"column":50}},"245":{"start":{"line":1054,"column":6},"end":{"line":1055,"column":56}},"246":{"start":{"line":1057,"column":4},"end":{"line":1062,"column":5}},"247":{"start":{"line":1058,"column":6},"end":{"line":1061,"column":8}},"248":{"start":{"line":1065,"column":32},"end":{"line":1070,"column":6}},"249":{"start":{"line":1073,"column":4},"end":{"line":1077,"column":7}},"250":{"start":{"line":1079,"column":4},"end":{"line":1083,"column":6}},"251":{"start":{"line":1085,"column":4},"end":{"line":1085,"column":47}},"252":{"start":{"line":1085,"column":35},"end":{"line":1085,"column":47}},"253":{"start":{"line":1086,"column":4},"end":{"line":1086,"column":51}},"254":{"start":{"line":1087,"column":4},"end":{"line":1087,"column":56}},"255":{"start":{"line":1099,"column":2},"end":{"line":1191,"column":3}},"256":{"start":{"line":1101,"column":25},"end":{"line":1121,"column":6}},"257":{"start":{"line":1123,"column":4},"end":{"line":1125,"column":5}},"258":{"start":{"line":1124,"column":6},"end":{"line":1124,"column":73}},"259":{"start":{"line":1128,"column":17},"end":{"line":1128,"column":72}},"260":{"start":{"line":1129,"column":20},"end":{"line":1129,"column":50}},"261":{"start":{"line":1131,"column":6},"end":{"line":1132,"column":56}},"262":{"start":{"line":1134,"column":4},"end":{"line":1139,"column":5}},"263":{"start":{"line":1135,"column":6},"end":{"line":1138,"column":8}},"264":{"start":{"line":1142,"column":4},"end":{"line":1144,"column":5}},"265":{"start":{"line":1143,"column":6},"end":{"line":1143,"column":69}},"266":{"start":{"line":1147,"column":4},"end":{"line":1152,"column":5}},"267":{"start":{"line":1148,"column":6},"end":{"line":1151,"column":8}},"268":{"start":{"line":1155,"column":23},"end":{"line":1155,"column":48}},"269":{"start":{"line":1156,"column":18},"end":{"line":1156,"column":56}},"270":{"start":{"line":1157,"column":22},"end":{"line":1157,"column":32}},"271":{"start":{"line":1158,"column":4},"end":{"line":1158,"column":59}},"272":{"start":{"line":1161,"column":23},"end":{"line":1172,"column":6}},"273":{"start":{"line":1175,"column":4},"end":{"line":1179,"column":7}},"274":{"start":{"line":1181,"column":4},"end":{"line":1186,"column":6}},"275":{"start":{"line":1188,"column":4},"end":{"line":1188,"column":47}},"276":{"start":{"line":1188,"column":35},"end":{"line":1188,"column":47}},"277":{"start":{"line":1189,"column":4},"end":{"line":1189,"column":58}},"278":{"start":{"line":1190,"column":4},"end":{"line":1190,"column":63}},"279":{"start":{"line":1200,"column":2},"end":{"line":1273,"column":3}},"280":{"start":{"line":1202,"column":23},"end":{"line":1202,"column":48}},"281":{"start":{"line":1203,"column":4},"end":{"line":1205,"column":5}},"282":{"start":{"line":1204,"column":6},"end":{"line":1204,"column":54}},"283":{"start":{"line":1208,"column":23},"end":{"line":1233,"column":6}},"284":{"start":{"line":1235,"column":4},"end":{"line":1237,"column":5}},"285":{"start":{"line":1236,"column":6},"end":{"line":1236,"column":55}},"286":{"start":{"line":1240,"column":4},"end":{"line":1242,"column":5}},"287":{"start":{"line":1241,"column":6},"end":{"line":1241,"column":57}},"288":{"start":{"line":1245,"column":4},"end":{"line":1248,"column":7}},"289":{"start":{"line":1250,"column":4},"end":{"line":1268,"column":6}},"290":{"start":{"line":1263,"column":63},"end":{"line":1267,"column":7}},"291":{"start":{"line":1270,"column":4},"end":{"line":1270,"column":47}},"292":{"start":{"line":1270,"column":35},"end":{"line":1270,"column":47}},"293":{"start":{"line":1271,"column":4},"end":{"line":1271,"column":62}},"294":{"start":{"line":1272,"column":4},"end":{"line":1272,"column":65}},"295":{"start":{"line":1276,"column":0},"end":{"line":1289,"column":2}}},"fnMap":{"0":{"name":"getPersonas","decl":{"start":{"line":29,"column":15},"end":{"line":29,"column":26}},"loc":{"start":{"line":29,"column":49},"end":{"line":94,"column":1}},"line":29},"1":{"name":"(anonymous_1)","decl":{"start":{"line":71,"column":24},"end":{"line":71,"column":25}},"loc":{"start":{"line":71,"column":38},"end":{"line":88,"column":5}},"line":71},"2":{"name":"getPersonaById","decl":{"start":{"line":102,"column":15},"end":{"line":102,"column":29}},"loc":{"start":{"line":102,"column":49},"end":{"line":160,"column":1}},"line":102},"3":{"name":"toggleFavourite","decl":{"start":{"line":168,"column":15},"end":{"line":168,"column":30}},"loc":{"start":{"line":168,"column":50},"end":{"line":237,"column":1}},"line":168},"4":{"name":"sendMessage","decl":{"start":{"line":249,"column":15},"end":{"line":249,"column":26}},"loc":{"start":{"line":256,"column":2},"end":{"line":484,"column":1}},"line":256},"5":{"name":"(anonymous_5)","decl":{"start":{"line":394,"column":28},"end":{"line":394,"column":29}},"loc":{"start":{"line":394,"column":41},"end":{"line":394,"column":67}},"line":394},"6":{"name":"getConversations","decl":{"start":{"line":493,"column":15},"end":{"line":493,"column":31}},"loc":{"start":{"line":493,"column":67},"end":{"line":581,"column":1}},"line":493},"7":{"name":"(anonymous_7)","decl":{"start":{"line":564,"column":29},"end":{"line":564,"column":30}},"loc":{"start":{"line":564,"column":48},"end":{"line":575,"column":5}},"line":564},"8":{"name":"updateConversationVisibility","decl":{"start":{"line":590,"column":15},"end":{"line":590,"column":43}},"loc":{"start":{"line":594,"column":2},"end":{"line":669,"column":1}},"line":594},"9":{"name":"editMessage","decl":{"start":{"line":678,"column":15},"end":{"line":678,"column":26}},"loc":{"start":{"line":678,"column":58},"end":{"line":853,"column":1}},"line":678},"10":{"name":"(anonymous_10)","decl":{"start":{"line":721,"column":45},"end":{"line":721,"column":46}},"loc":{"start":{"line":721,"column":59},"end":{"line":834,"column":5}},"line":721},"11":{"name":"(anonymous_11)","decl":{"start":{"line":802,"column":30},"end":{"line":802,"column":31}},"loc":{"start":{"line":802,"column":43},"end":{"line":802,"column":69}},"line":802},"12":{"name":"requestFileUpload","decl":{"start":{"line":862,"column":15},"end":{"line":862,"column":32}},"loc":{"start":{"line":862,"column":67},"end":{"line":921,"column":1}},"line":862},"13":{"name":"toggleReaction","decl":{"start":{"line":930,"column":15},"end":{"line":930,"column":29}},"loc":{"start":{"line":930,"column":55},"end":{"line":1012,"column":1}},"line":930},"14":{"name":"toggleArchive","decl":{"start":{"line":1021,"column":15},"end":{"line":1021,"column":28}},"loc":{"start":{"line":1021,"column":63},"end":{"line":1089,"column":1}},"line":1021},"15":{"name":"createShareableLink","decl":{"start":{"line":1098,"column":15},"end":{"line":1098,"column":34}},"loc":{"start":{"line":1098,"column":79},"end":{"line":1192,"column":1}},"line":1098},"16":{"name":"getSharedConversation","decl":{"start":{"line":1199,"column":15},"end":{"line":1199,"column":36}},"loc":{"start":{"line":1199,"column":44},"end":{"line":1274,"column":1}},"line":1199},"17":{"name":"(anonymous_17)","decl":{"start":{"line":1263,"column":53},"end":{"line":1263,"column":54}},"loc":{"start":{"line":1263,"column":63},"end":{"line":1267,"column":7}},"line":1263}},"branchMap":{"0":{"loc":{"start":{"line":29,"column":35},"end":{"line":29,"column":47}},"type":"default-arg","locations":[{"start":{"line":29,"column":45},"end":{"line":29,"column":47}}],"line":29},"1":{"loc":{"start":{"line":32,"column":4},"end":{"line":34,"column":5}},"type":"if","locations":[{"start":{"line":32,"column":4},"end":{"line":34,"column":5}},{"start":{},"end":{}}],"line":32},"2":{"loc":{"start":{"line":32,"column":8},"end":{"line":32,"column":45}},"type":"binary-expr","locations":[{"start":{"line":32,"column":8},"end":{"line":32,"column":15}},{"start":{"line":32,"column":19},"end":{"line":32,"column":45}}],"line":32},"3":{"loc":{"start":{"line":36,"column":12},"end":{"line":36,"column":34}},"type":"default-arg","locations":[{"start":{"line":36,"column":29},"end":{"line":36,"column":34}}],"line":36},"4":{"loc":{"start":{"line":51,"column":4},"end":{"line":62,"column":5}},"type":"if","locations":[{"start":{"line":51,"column":4},"end":{"line":62,"column":5}},{"start":{"line":58,"column":11},"end":{"line":62,"column":5}}],"line":51},"5":{"loc":{"start":{"line":90,"column":4},"end":{"line":90,"column":47}},"type":"if","locations":[{"start":{"line":90,"column":4},"end":{"line":90,"column":47}},{"start":{},"end":{}}],"line":90},"6":{"loc":{"start":{"line":105,"column":4},"end":{"line":107,"column":5}},"type":"if","locations":[{"start":{"line":105,"column":4},"end":{"line":107,"column":5}},{"start":{},"end":{}}],"line":105},"7":{"loc":{"start":{"line":105,"column":8},"end":{"line":105,"column":51}},"type":"binary-expr","locations":[{"start":{"line":105,"column":8},"end":{"line":105,"column":18}},{"start":{"line":105,"column":22},"end":{"line":105,"column":51}}],"line":105},"8":{"loc":{"start":{"line":109,"column":4},"end":{"line":111,"column":5}},"type":"if","locations":[{"start":{"line":109,"column":4},"end":{"line":111,"column":5}},{"start":{},"end":{}}],"line":109},"9":{"loc":{"start":{"line":109,"column":8},"end":{"line":109,"column":45}},"type":"binary-expr","locations":[{"start":{"line":109,"column":8},"end":{"line":109,"column":15}},{"start":{"line":109,"column":19},"end":{"line":109,"column":45}}],"line":109},"10":{"loc":{"start":{"line":128,"column":4},"end":{"line":130,"column":5}},"type":"if","locations":[{"start":{"line":128,"column":4},"end":{"line":130,"column":5}},{"start":{},"end":{}}],"line":128},"11":{"loc":{"start":{"line":156,"column":4},"end":{"line":156,"column":47}},"type":"if","locations":[{"start":{"line":156,"column":4},"end":{"line":156,"column":47}},{"start":{},"end":{}}],"line":156},"12":{"loc":{"start":{"line":171,"column":4},"end":{"line":173,"column":5}},"type":"if","locations":[{"start":{"line":171,"column":4},"end":{"line":173,"column":5}},{"start":{},"end":{}}],"line":171},"13":{"loc":{"start":{"line":171,"column":8},"end":{"line":171,"column":51}},"type":"binary-expr","locations":[{"start":{"line":171,"column":8},"end":{"line":171,"column":18}},{"start":{"line":171,"column":22},"end":{"line":171,"column":51}}],"line":171},"14":{"loc":{"start":{"line":175,"column":4},"end":{"line":177,"column":5}},"type":"if","locations":[{"start":{"line":175,"column":4},"end":{"line":177,"column":5}},{"start":{},"end":{}}],"line":175},"15":{"loc":{"start":{"line":175,"column":8},"end":{"line":175,"column":45}},"type":"binary-expr","locations":[{"start":{"line":175,"column":8},"end":{"line":175,"column":15}},{"start":{"line":175,"column":19},"end":{"line":175,"column":45}}],"line":175},"16":{"loc":{"start":{"line":184,"column":4},"end":{"line":186,"column":5}},"type":"if","locations":[{"start":{"line":184,"column":4},"end":{"line":186,"column":5}},{"start":{},"end":{}}],"line":184},"17":{"loc":{"start":{"line":201,"column":4},"end":{"line":223,"column":5}},"type":"if","locations":[{"start":{"line":201,"column":4},"end":{"line":223,"column":5}},{"start":{"line":213,"column":11},"end":{"line":223,"column":5}}],"line":201},"18":{"loc":{"start":{"line":233,"column":4},"end":{"line":233,"column":47}},"type":"if","locations":[{"start":{"line":233,"column":4},"end":{"line":233,"column":47}},{"start":{},"end":{}}],"line":233},"19":{"loc":{"start":{"line":254,"column":2},"end":{"line":254,"column":15}},"type":"default-arg","locations":[{"start":{"line":254,"column":11},"end":{"line":254,"column":15}}],"line":254},"20":{"loc":{"start":{"line":255,"column":2},"end":{"line":255,"column":15}},"type":"default-arg","locations":[{"start":{"line":255,"column":13},"end":{"line":255,"column":15}}],"line":255},"21":{"loc":{"start":{"line":261,"column":4},"end":{"line":263,"column":5}},"type":"if","locations":[{"start":{"line":261,"column":4},"end":{"line":263,"column":5}},{"start":{},"end":{}}],"line":261},"22":{"loc":{"start":{"line":261,"column":8},"end":{"line":261,"column":51}},"type":"binary-expr","locations":[{"start":{"line":261,"column":8},"end":{"line":261,"column":18}},{"start":{"line":261,"column":22},"end":{"line":261,"column":51}}],"line":261},"23":{"loc":{"start":{"line":265,"column":4},"end":{"line":267,"column":5}},"type":"if","locations":[{"start":{"line":265,"column":4},"end":{"line":267,"column":5}},{"start":{},"end":{}}],"line":265},"24":{"loc":{"start":{"line":265,"column":8},"end":{"line":265,"column":47}},"type":"binary-expr","locations":[{"start":{"line":265,"column":8},"end":{"line":265,"column":16}},{"start":{"line":265,"column":20},"end":{"line":265,"column":47}}],"line":265},"25":{"loc":{"start":{"line":269,"column":4},"end":{"line":271,"column":5}},"type":"if","locations":[{"start":{"line":269,"column":4},"end":{"line":271,"column":5}},{"start":{},"end":{}}],"line":269},"26":{"loc":{"start":{"line":269,"column":8},"end":{"line":269,"column":45}},"type":"binary-expr","locations":[{"start":{"line":269,"column":8},"end":{"line":269,"column":15}},{"start":{"line":269,"column":19},"end":{"line":269,"column":45}}],"line":269},"27":{"loc":{"start":{"line":278,"column":4},"end":{"line":280,"column":5}},"type":"if","locations":[{"start":{"line":278,"column":4},"end":{"line":280,"column":5}},{"start":{},"end":{}}],"line":278},"28":{"loc":{"start":{"line":282,"column":4},"end":{"line":284,"column":5}},"type":"if","locations":[{"start":{"line":282,"column":4},"end":{"line":284,"column":5}},{"start":{},"end":{}}],"line":282},"29":{"loc":{"start":{"line":288,"column":4},"end":{"line":290,"column":5}},"type":"if","locations":[{"start":{"line":288,"column":4},"end":{"line":290,"column":5}},{"start":{},"end":{}}],"line":288},"30":{"loc":{"start":{"line":294,"column":4},"end":{"line":316,"column":5}},"type":"if","locations":[{"start":{"line":294,"column":4},"end":{"line":316,"column":5}},{"start":{"line":307,"column":11},"end":{"line":316,"column":5}}],"line":294},"31":{"loc":{"start":{"line":304,"column":6},"end":{"line":306,"column":7}},"type":"if","locations":[{"start":{"line":304,"column":6},"end":{"line":306,"column":7}},{"start":{},"end":{}}],"line":304},"32":{"loc":{"start":{"line":320,"column":4},"end":{"line":333,"column":5}},"type":"if","locations":[{"start":{"line":320,"column":4},"end":{"line":333,"column":5}},{"start":{},"end":{}}],"line":320},"33":{"loc":{"start":{"line":330,"column":6},"end":{"line":332,"column":7}},"type":"if","locations":[{"start":{"line":330,"column":6},"end":{"line":332,"column":7}},{"start":{},"end":{}}],"line":330},"34":{"loc":{"start":{"line":391,"column":8},"end":{"line":395,"column":9}},"type":"if","locations":[{"start":{"line":391,"column":8},"end":{"line":395,"column":9}},{"start":{},"end":{}}],"line":391},"35":{"loc":{"start":{"line":399,"column":4},"end":{"line":419,"column":5}},"type":"if","locations":[{"start":{"line":399,"column":4},"end":{"line":419,"column":5}},{"start":{},"end":{}}],"line":399},"36":{"loc":{"start":{"line":426,"column":6},"end":{"line":433,"column":33}},"type":"binary-expr","locations":[{"start":{"line":426,"column":6},"end":{"line":426,"column":33}},{"start":{"line":427,"column":6},"end":{"line":427,"column":35}},{"start":{"line":428,"column":6},"end":{"line":428,"column":36}},{"start":{"line":429,"column":6},"end":{"line":429,"column":34}},{"start":{"line":430,"column":6},"end":{"line":430,"column":32}},{"start":{"line":431,"column":7},"end":{"line":433,"column":32}}],"line":426},"37":{"loc":{"start":{"line":431,"column":7},"end":{"line":433,"column":32}},"type":"cond-expr","locations":[{"start":{"line":432,"column":10},"end":{"line":432,"column":30}},{"start":{"line":433,"column":10},"end":{"line":433,"column":32}}],"line":431},"38":{"loc":{"start":{"line":480,"column":4},"end":{"line":480,"column":47}},"type":"if","locations":[{"start":{"line":480,"column":4},"end":{"line":480,"column":47}},{"start":{},"end":{}}],"line":480},"39":{"loc":{"start":{"line":493,"column":53},"end":{"line":493,"column":65}},"type":"default-arg","locations":[{"start":{"line":493,"column":63},"end":{"line":493,"column":65}}],"line":493},"40":{"loc":{"start":{"line":496,"column":4},"end":{"line":498,"column":5}},"type":"if","locations":[{"start":{"line":496,"column":4},"end":{"line":498,"column":5}},{"start":{},"end":{}}],"line":496},"41":{"loc":{"start":{"line":496,"column":8},"end":{"line":496,"column":45}},"type":"binary-expr","locations":[{"start":{"line":496,"column":8},"end":{"line":496,"column":15}},{"start":{"line":496,"column":19},"end":{"line":496,"column":45}}],"line":496},"42":{"loc":{"start":{"line":500,"column":4},"end":{"line":502,"column":5}},"type":"if","locations":[{"start":{"line":500,"column":4},"end":{"line":502,"column":5}},{"start":{},"end":{}}],"line":500},"43":{"loc":{"start":{"line":500,"column":8},"end":{"line":500,"column":55}},"type":"binary-expr","locations":[{"start":{"line":500,"column":8},"end":{"line":500,"column":20}},{"start":{"line":500,"column":24},"end":{"line":500,"column":55}}],"line":500},"44":{"loc":{"start":{"line":504,"column":12},"end":{"line":504,"column":28}},"type":"default-arg","locations":[{"start":{"line":504,"column":23},"end":{"line":504,"column":28}}],"line":504},"45":{"loc":{"start":{"line":526,"column":4},"end":{"line":532,"column":5}},"type":"if","locations":[{"start":{"line":526,"column":4},"end":{"line":532,"column":5}},{"start":{"line":529,"column":11},"end":{"line":532,"column":5}}],"line":526},"46":{"loc":{"start":{"line":571,"column":19},"end":{"line":571,"column":60}},"type":"binary-expr","locations":[{"start":{"line":571,"column":19},"end":{"line":571,"column":52}},{"start":{"line":571,"column":56},"end":{"line":571,"column":60}}],"line":571},"47":{"loc":{"start":{"line":577,"column":4},"end":{"line":577,"column":47}},"type":"if","locations":[{"start":{"line":577,"column":4},"end":{"line":577,"column":47}},{"start":{},"end":{}}],"line":577},"48":{"loc":{"start":{"line":610,"column":4},"end":{"line":612,"column":5}},"type":"if","locations":[{"start":{"line":610,"column":4},"end":{"line":612,"column":5}},{"start":{},"end":{}}],"line":610},"49":{"loc":{"start":{"line":615,"column":4},"end":{"line":620,"column":5}},"type":"if","locations":[{"start":{"line":615,"column":4},"end":{"line":620,"column":5}},{"start":{},"end":{}}],"line":615},"50":{"loc":{"start":{"line":625,"column":6},"end":{"line":626,"column":69}},"type":"binary-expr","locations":[{"start":{"line":625,"column":6},"end":{"line":625,"column":40}},{"start":{"line":626,"column":6},"end":{"line":626,"column":69}}],"line":625},"51":{"loc":{"start":{"line":628,"column":4},"end":{"line":633,"column":5}},"type":"if","locations":[{"start":{"line":628,"column":4},"end":{"line":633,"column":5}},{"start":{},"end":{}}],"line":628},"52":{"loc":{"start":{"line":628,"column":8},"end":{"line":628,"column":28}},"type":"binary-expr","locations":[{"start":{"line":628,"column":8},"end":{"line":628,"column":16}},{"start":{"line":628,"column":20},"end":{"line":628,"column":28}}],"line":628},"53":{"loc":{"start":{"line":636,"column":4},"end":{"line":641,"column":5}},"type":"if","locations":[{"start":{"line":636,"column":4},"end":{"line":641,"column":5}},{"start":{},"end":{}}],"line":636},"54":{"loc":{"start":{"line":665,"column":4},"end":{"line":665,"column":47}},"type":"if","locations":[{"start":{"line":665,"column":4},"end":{"line":665,"column":47}},{"start":{},"end":{}}],"line":665},"55":{"loc":{"start":{"line":689,"column":4},"end":{"line":691,"column":5}},"type":"if","locations":[{"start":{"line":689,"column":4},"end":{"line":691,"column":5}},{"start":{},"end":{}}],"line":689},"56":{"loc":{"start":{"line":694,"column":4},"end":{"line":696,"column":5}},"type":"if","locations":[{"start":{"line":694,"column":4},"end":{"line":696,"column":5}},{"start":{},"end":{}}],"line":694},"57":{"loc":{"start":{"line":699,"column":4},"end":{"line":701,"column":5}},"type":"if","locations":[{"start":{"line":699,"column":4},"end":{"line":701,"column":5}},{"start":{},"end":{}}],"line":699},"58":{"loc":{"start":{"line":706,"column":4},"end":{"line":708,"column":5}},"type":"if","locations":[{"start":{"line":706,"column":4},"end":{"line":708,"column":5}},{"start":{},"end":{}}],"line":706},"59":{"loc":{"start":{"line":711,"column":4},"end":{"line":713,"column":5}},"type":"if","locations":[{"start":{"line":711,"column":4},"end":{"line":713,"column":5}},{"start":{},"end":{}}],"line":711},"60":{"loc":{"start":{"line":716,"column":4},"end":{"line":718,"column":5}},"type":"if","locations":[{"start":{"line":716,"column":4},"end":{"line":718,"column":5}},{"start":{},"end":{}}],"line":716},"61":{"loc":{"start":{"line":800,"column":10},"end":{"line":803,"column":11}},"type":"if","locations":[{"start":{"line":800,"column":10},"end":{"line":803,"column":11}},{"start":{},"end":{}}],"line":800},"62":{"loc":{"start":{"line":807,"column":6},"end":{"line":809,"column":7}},"type":"if","locations":[{"start":{"line":807,"column":6},"end":{"line":809,"column":7}},{"start":{},"end":{}}],"line":807},"63":{"loc":{"start":{"line":817,"column":12},"end":{"line":824,"column":39}},"type":"binary-expr","locations":[{"start":{"line":817,"column":12},"end":{"line":817,"column":39}},{"start":{"line":818,"column":12},"end":{"line":818,"column":41}},{"start":{"line":819,"column":12},"end":{"line":819,"column":42}},{"start":{"line":820,"column":12},"end":{"line":820,"column":40}},{"start":{"line":821,"column":12},"end":{"line":821,"column":38}},{"start":{"line":822,"column":13},"end":{"line":824,"column":38}}],"line":817},"64":{"loc":{"start":{"line":822,"column":13},"end":{"line":824,"column":38}},"type":"cond-expr","locations":[{"start":{"line":823,"column":16},"end":{"line":823,"column":36}},{"start":{"line":824,"column":16},"end":{"line":824,"column":38}}],"line":822},"65":{"loc":{"start":{"line":846,"column":4},"end":{"line":846,"column":47}},"type":"if","locations":[{"start":{"line":846,"column":4},"end":{"line":846,"column":47}},{"start":{},"end":{}}],"line":846},"66":{"loc":{"start":{"line":847,"column":4},"end":{"line":849,"column":5}},"type":"if","locations":[{"start":{"line":847,"column":4},"end":{"line":849,"column":5}},{"start":{},"end":{}}],"line":847},"67":{"loc":{"start":{"line":884,"column":4},"end":{"line":886,"column":5}},"type":"if","locations":[{"start":{"line":884,"column":4},"end":{"line":886,"column":5}},{"start":{},"end":{}}],"line":884},"68":{"loc":{"start":{"line":917,"column":4},"end":{"line":917,"column":47}},"type":"if","locations":[{"start":{"line":917,"column":4},"end":{"line":917,"column":47}},{"start":{},"end":{}}],"line":917},"69":{"loc":{"start":{"line":937,"column":4},"end":{"line":939,"column":5}},"type":"if","locations":[{"start":{"line":937,"column":4},"end":{"line":939,"column":5}},{"start":{},"end":{}}],"line":937},"70":{"loc":{"start":{"line":954,"column":4},"end":{"line":991,"column":5}},"type":"if","locations":[{"start":{"line":954,"column":4},"end":{"line":991,"column":5}},{"start":{"line":981,"column":11},"end":{"line":991,"column":5}}],"line":954},"71":{"loc":{"start":{"line":955,"column":6},"end":{"line":980,"column":7}},"type":"if","locations":[{"start":{"line":955,"column":6},"end":{"line":980,"column":7}},{"start":{"line":967,"column":13},"end":{"line":980,"column":7}}],"line":955},"72":{"loc":{"start":{"line":1008,"column":4},"end":{"line":1008,"column":47}},"type":"if","locations":[{"start":{"line":1008,"column":4},"end":{"line":1008,"column":47}},{"start":{},"end":{}}],"line":1008},"73":{"loc":{"start":{"line":1046,"column":4},"end":{"line":1048,"column":5}},"type":"if","locations":[{"start":{"line":1046,"column":4},"end":{"line":1048,"column":5}},{"start":{},"end":{}}],"line":1046},"74":{"loc":{"start":{"line":1054,"column":6},"end":{"line":1055,"column":56}},"type":"binary-expr","locations":[{"start":{"line":1054,"column":6},"end":{"line":1054,"column":27}},{"start":{"line":1055,"column":6},"end":{"line":1055,"column":56}}],"line":1054},"75":{"loc":{"start":{"line":1057,"column":4},"end":{"line":1062,"column":5}},"type":"if","locations":[{"start":{"line":1057,"column":4},"end":{"line":1062,"column":5}},{"start":{},"end":{}}],"line":1057},"76":{"loc":{"start":{"line":1057,"column":8},"end":{"line":1057,"column":28}},"type":"binary-expr","locations":[{"start":{"line":1057,"column":8},"end":{"line":1057,"column":16}},{"start":{"line":1057,"column":20},"end":{"line":1057,"column":28}}],"line":1057},"77":{"loc":{"start":{"line":1068,"column":20},"end":{"line":1068,"column":48}},"type":"cond-expr","locations":[{"start":{"line":1068,"column":31},"end":{"line":1068,"column":41}},{"start":{"line":1068,"column":44},"end":{"line":1068,"column":48}}],"line":1068},"78":{"loc":{"start":{"line":1076,"column":14},"end":{"line":1076,"column":50}},"type":"cond-expr","locations":[{"start":{"line":1076,"column":25},"end":{"line":1076,"column":35}},{"start":{"line":1076,"column":38},"end":{"line":1076,"column":50}}],"line":1076},"79":{"loc":{"start":{"line":1085,"column":4},"end":{"line":1085,"column":47}},"type":"if","locations":[{"start":{"line":1085,"column":4},"end":{"line":1085,"column":47}},{"start":{},"end":{}}],"line":1085},"80":{"loc":{"start":{"line":1098,"column":59},"end":{"line":1098,"column":77}},"type":"default-arg","locations":[{"start":{"line":1098,"column":75},"end":{"line":1098,"column":77}}],"line":1098},"81":{"loc":{"start":{"line":1123,"column":4},"end":{"line":1125,"column":5}},"type":"if","locations":[{"start":{"line":1123,"column":4},"end":{"line":1125,"column":5}},{"start":{},"end":{}}],"line":1123},"82":{"loc":{"start":{"line":1131,"column":6},"end":{"line":1132,"column":56}},"type":"binary-expr","locations":[{"start":{"line":1131,"column":6},"end":{"line":1131,"column":27}},{"start":{"line":1132,"column":6},"end":{"line":1132,"column":56}}],"line":1131},"83":{"loc":{"start":{"line":1134,"column":4},"end":{"line":1139,"column":5}},"type":"if","locations":[{"start":{"line":1134,"column":4},"end":{"line":1139,"column":5}},{"start":{},"end":{}}],"line":1134},"84":{"loc":{"start":{"line":1134,"column":8},"end":{"line":1134,"column":28}},"type":"binary-expr","locations":[{"start":{"line":1134,"column":8},"end":{"line":1134,"column":16}},{"start":{"line":1134,"column":20},"end":{"line":1134,"column":28}}],"line":1134},"85":{"loc":{"start":{"line":1142,"column":4},"end":{"line":1144,"column":5}},"type":"if","locations":[{"start":{"line":1142,"column":4},"end":{"line":1144,"column":5}},{"start":{},"end":{}}],"line":1142},"86":{"loc":{"start":{"line":1147,"column":4},"end":{"line":1152,"column":5}},"type":"if","locations":[{"start":{"line":1147,"column":4},"end":{"line":1152,"column":5}},{"start":{},"end":{}}],"line":1147},"87":{"loc":{"start":{"line":1182,"column":14},"end":{"line":1182,"column":65}},"type":"binary-expr","locations":[{"start":{"line":1182,"column":14},"end":{"line":1182,"column":38}},{"start":{"line":1182,"column":42},"end":{"line":1182,"column":65}}],"line":1182},"88":{"loc":{"start":{"line":1188,"column":4},"end":{"line":1188,"column":47}},"type":"if","locations":[{"start":{"line":1188,"column":4},"end":{"line":1188,"column":47}},{"start":{},"end":{}}],"line":1188},"89":{"loc":{"start":{"line":1203,"column":4},"end":{"line":1205,"column":5}},"type":"if","locations":[{"start":{"line":1203,"column":4},"end":{"line":1205,"column":5}},{"start":{},"end":{}}],"line":1203},"90":{"loc":{"start":{"line":1235,"column":4},"end":{"line":1237,"column":5}},"type":"if","locations":[{"start":{"line":1235,"column":4},"end":{"line":1237,"column":5}},{"start":{},"end":{}}],"line":1235},"91":{"loc":{"start":{"line":1240,"column":4},"end":{"line":1242,"column":5}},"type":"if","locations":[{"start":{"line":1240,"column":4},"end":{"line":1242,"column":5}},{"start":{},"end":{}}],"line":1240},"92":{"loc":{"start":{"line":1266,"column":17},"end":{"line":1266,"column":38}},"type":"binary-expr","locations":[{"start":{"line":1266,"column":17},"end":{"line":1266,"column":30}},{"start":{"line":1266,"column":34},"end":{"line":1266,"column":38}}],"line":1266},"93":{"loc":{"start":{"line":1270,"column":4},"end":{"line":1270,"column":47}},"type":"if","locations":[{"start":{"line":1270,"column":4},"end":{"line":1270,"column":47}},{"start":{},"end":{}}],"line":1270}},"s":{"0":1,"1":1,"2":1,"3":1,"4":1,"5":1,"6":1,"7":1,"8":1,"9":1,"10":1,"11":1,"12":7,"13":7,"14":3,"15":4,"16":4,"17":4,"18":4,"19":1,"20":1,"21":3,"22":4,"23":3,"24":3,"25":4,"26":3,"27":1,"28":1,"29":7,"30":7,"31":2,"32":5,"33":1,"34":4,"35":3,"36":1,"37":2,"38":2,"39":0,"40":7,"41":4,"42":3,"43":3,"44":6,"45":6,"46":1,"47":5,"48":1,"49":4,"50":3,"51":1,"52":2,"53":2,"54":1,"55":1,"56":1,"57":1,"58":1,"59":1,"60":2,"61":2,"62":4,"63":3,"64":1,"65":1,"66":14,"67":14,"68":14,"69":1,"70":13,"71":1,"72":12,"73":1,"74":11,"75":11,"76":1,"77":10,"78":1,"79":9,"80":9,"81":0,"82":0,"83":0,"84":0,"85":0,"86":0,"87":0,"88":0,"89":0,"90":0,"91":0,"92":0,"93":0,"94":0,"95":0,"96":0,"97":0,"98":0,"99":0,"100":0,"101":0,"102":0,"103":0,"104":0,"105":0,"106":0,"107":0,"108":0,"109":0,"110":0,"111":0,"112":0,"113":0,"114":0,"115":0,"116":14,"117":5,"118":9,"119":9,"120":6,"121":6,"122":1,"123":5,"124":1,"125":4,"126":4,"127":4,"128":1,"129":3,"130":4,"131":3,"132":2,"133":3,"134":2,"135":1,"136":1,"137":0,"138":0,"139":0,"140":0,"141":0,"142":0,"143":0,"144":0,"145":0,"146":0,"147":0,"148":0,"149":0,"150":0,"151":0,"152":0,"153":0,"154":0,"155":0,"156":0,"157":0,"158":0,"159":0,"160":0,"161":0,"162":0,"163":0,"164":0,"165":0,"166":0,"167":0,"168":0,"169":0,"170":0,"171":0,"172":0,"173":0,"174":0,"175":0,"176":0,"177":0,"178":0,"179":0,"180":0,"181":0,"182":0,"183":0,"184":0,"185":0,"186":0,"187":0,"188":0,"189":0,"190":0,"191":0,"192":0,"193":0,"194":0,"195":0,"196":0,"197":0,"198":0,"199":0,"200":0,"201":0,"202":0,"203":0,"204":0,"205":0,"206":0,"207":0,"208":0,"209":0,"210":0,"211":0,"212":0,"213":0,"214":0,"215":0,"216":0,"217":0,"218":0,"219":0,"220":0,"221":0,"222":0,"223":0,"224":0,"225":0,"226":0,"227":0,"228":0,"229":0,"230":0,"231":0,"232":0,"233":0,"234":0,"235":0,"236":0,"237":0,"238":0,"239":0,"240":0,"241":0,"242":0,"243":0,"244":0,"245":0,"246":0,"247":0,"248":0,"249":0,"250":0,"251":0,"252":0,"253":0,"254":0,"255":0,"256":0,"257":0,"258":0,"259":0,"260":0,"261":0,"262":0,"263":0,"264":0,"265":0,"266":0,"267":0,"268":0,"269":0,"270":0,"271":0,"272":0,"273":0,"274":0,"275":0,"276":0,"277":0,"278":0,"279":0,"280":0,"281":0,"282":0,"283":0,"284":0,"285":0,"286":0,"287":0,"288":0,"289":0,"290":0,"291":0,"292":0,"293":0,"294":0,"295":1},"f":{"0":7,"1":3,"2":7,"3":6,"4":14,"5":0,"6":6,"7":2,"8":0,"9":0,"10":0,"11":0,"12":0,"13":0,"14":0,"15":0,"16":0,"17":0},"b":{"0":[6],"1":[3,4],"2":[7,5],"3":[3],"4":[1,3],"5":[3,1],"6":[2,5],"7":[7,5],"8":[1,4],"9":[5,4],"10":[1,2],"11":[4,3],"12":[1,5],"13":[6,5],"14":[1,4],"15":[5,4],"16":[1,2],"17":[1,1],"18":[3,1],"19":[12],"20":[14],"21":[1,13],"22":[14,13],"23":[1,12],"24":[13,12],"25":[1,11],"26":[12,11],"27":[1,10],"28":[1,9],"29":[0,0],"30":[0,0],"31":[0,0],"32":[0,0],"33":[0,0],"34":[0,0],"35":[0,0],"36":[0,0,0,0,0,0],"37":[0,0],"38":[5,9],"39":[5],"40":[1,5],"41":[6,5],"42":[1,4],"43":[5,4],"44":[3],"45":[1,3],"46":[2,1],"47":[2,1],"48":[0,0],"49":[0,0],"50":[0,0],"51":[0,0],"52":[0,0],"53":[0,0],"54":[0,0],"55":[0,0],"56":[0,0],"57":[0,0],"58":[0,0],"59":[0,0],"60":[0,0],"61":[0,0],"62":[0,0],"63":[0,0,0,0,0,0],"64":[0,0],"65":[0,0],"66":[0,0],"67":[0,0],"68":[0,0],"69":[0,0],"70":[0,0],"71":[0,0],"72":[0,0],"73":[0,0],"74":[0,0],"75":[0,0],"76":[0,0],"77":[0,0],"78":[0,0],"79":[0,0],"80":[0],"81":[0,0],"82":[0,0],"83":[0,0],"84":[0,0],"85":[0,0],"86":[0,0],"87":[0,0],"88":[0,0],"89":[0,0],"90":[0,0],"91":[0,0],"92":[0,0],"93":[0,0]},"_coverageSchema":"1a1c01bbd47fc00a2c39e90264f33305004495a9","hash":"555c8b9f7abd221fa1b2770db757786bd397f045"}
}
