TN:
SF:src/services/personaService.js
FN:29,getPersonas
FN:71,(anonymous_1)
FN:102,getPersonaById
FN:168,toggleFavourite
FN:249,sendMessage
FN:394,(anonymous_5)
FN:493,getConversations
FN:564,(anonymous_7)
FN:590,updateConversationVisibility
FN:678,editMessage
FN:721,(anonymous_10)
FN:802,(anonymous_11)
FN:862,requestFileUpload
FN:930,toggleReaction
FN:1021,toggleArchive
FN:1098,createShareableLink
FN:1199,getSharedConversation
FN:1263,(anonymous_17)
FNF:18
FNH:7
FNDA:7,getPersonas
FNDA:3,(anonymous_1)
FNDA:7,getPersonaById
FNDA:6,toggleFavourite
FNDA:14,sendMessage
FNDA:0,(anonymous_5)
FNDA:6,getConversations
FNDA:2,(anonymous_7)
FNDA:0,updateConversationVisibility
FNDA:0,editMessage
FNDA:0,(anonymous_10)
FNDA:0,(anonymous_11)
FNDA:0,requestFileUpload
FNDA:0,toggleReaction
FNDA:0,toggleArchive
FNDA:0,createShareableLink
FNDA:0,getSharedConversation
FNDA:0,(anonymous_17)
DA:7,1
DA:8,1
DA:9,1
DA:10,1
DA:11,1
DA:12,1
DA:13,1
DA:14,1
DA:16,1
DA:19,1
DA:20,1
DA:21,1
DA:30,7
DA:32,7
DA:33,3
DA:36,4
DA:38,4
DA:42,4
DA:51,4
DA:52,1
DA:55,1
DA:59,3
DA:64,4
DA:71,3
DA:90,4
DA:91,1
DA:92,1
DA:103,7
DA:105,7
DA:106,2
DA:109,5
DA:110,1
DA:113,4
DA:128,3
DA:129,1
DA:133,2
DA:134,2
DA:136,0
DA:156,7
DA:157,3
DA:158,3
DA:169,6
DA:171,6
DA:172,1
DA:175,5
DA:176,1
DA:180,4
DA:184,3
DA:185,1
DA:189,2
DA:201,2
DA:203,1
DA:211,1
DA:212,1
DA:215,1
DA:221,1
DA:222,1
DA:226,2
DA:231,2
DA:233,4
DA:234,1
DA:235,1
DA:257,14
DA:259,14
DA:261,14
DA:262,1
DA:265,13
DA:266,1
DA:269,12
DA:270,1
DA:274,11
DA:278,11
DA:279,1
DA:282,10
DA:283,1
DA:287,9
DA:288,9
DA:289,0
DA:294,0
DA:295,0
DA:304,0
DA:305,0
DA:309,0
DA:319,0
DA:320,0
DA:321,0
DA:330,0
DA:331,0
DA:336,0
DA:344,0
DA:357,0
DA:361,0
DA:363,0
DA:364,0
DA:365,0
DA:383,0
DA:384,0
DA:386,0
DA:391,0
DA:393,0
DA:394,0
DA:399,0
DA:408,0
DA:411,0
DA:418,0
DA:422,0
DA:426,0
DA:436,0
DA:453,0
DA:460,0
DA:480,14
DA:481,9
DA:482,9
DA:494,6
DA:496,6
DA:497,1
DA:500,5
DA:501,1
DA:504,4
DA:507,4
DA:526,4
DA:528,1
DA:531,3
DA:534,4
DA:564,3
DA:577,3
DA:578,1
DA:579,1
DA:595,0
DA:597,0
DA:610,0
DA:611,0
DA:615,0
DA:616,0
DA:623,0
DA:625,0
DA:628,0
DA:629,0
DA:636,0
DA:637,0
DA:644,0
DA:650,0
DA:660,0
DA:665,0
DA:666,0
DA:667,0
DA:679,0
DA:681,0
DA:689,0
DA:690,0
DA:694,0
DA:695,0
DA:699,0
DA:700,0
DA:704,0
DA:705,0
DA:706,0
DA:707,0
DA:711,0
DA:712,0
DA:716,0
DA:717,0
DA:721,0
DA:723,0
DA:731,0
DA:740,0
DA:750,0
DA:764,0
DA:770,0
DA:772,0
DA:773,0
DA:774,0
DA:792,0
DA:793,0
DA:795,0
DA:800,0
DA:801,0
DA:802,0
DA:807,0
DA:808,0
DA:812,0
DA:829,0
DA:837,0
DA:844,0
DA:846,0
DA:847,0
DA:848,0
DA:850,0
DA:851,0
DA:863,0
DA:865,0
DA:884,0
DA:885,0
DA:889,0
DA:890,0
DA:893,0
DA:894,0
DA:901,0
DA:912,0
DA:917,0
DA:918,0
DA:919,0
DA:931,0
DA:933,0
DA:937,0
DA:938,0
DA:942,0
DA:951,0
DA:952,0
DA:954,0
DA:955,0
DA:957,0
DA:965,0
DA:966,0
DA:969,0
DA:978,0
DA:979,0
DA:983,0
DA:990,0
DA:994,0
DA:1001,0
DA:1008,0
DA:1009,0
DA:1010,0
DA:1022,0
DA:1024,0
DA:1046,0
DA:1047,0
DA:1051,0
DA:1052,0
DA:1054,0
DA:1057,0
DA:1058,0
DA:1065,0
DA:1073,0
DA:1079,0
DA:1085,0
DA:1086,0
DA:1087,0
DA:1099,0
DA:1101,0
DA:1123,0
DA:1124,0
DA:1128,0
DA:1129,0
DA:1131,0
DA:1134,0
DA:1135,0
DA:1142,0
DA:1143,0
DA:1147,0
DA:1148,0
DA:1155,0
DA:1156,0
DA:1157,0
DA:1158,0
DA:1161,0
DA:1175,0
DA:1181,0
DA:1188,0
DA:1189,0
DA:1190,0
DA:1200,0
DA:1202,0
DA:1203,0
DA:1204,0
DA:1208,0
DA:1235,0
DA:1236,0
DA:1240,0
DA:1241,0
DA:1245,0
DA:1250,0
DA:1263,0
DA:1270,0
DA:1271,0
DA:1272,0
DA:1276,1
LF:278
LH:95
BRDA:29,0,0,6
BRDA:32,1,0,3
BRDA:32,1,1,4
BRDA:32,2,0,7
BRDA:32,2,1,5
BRDA:36,3,0,3
BRDA:51,4,0,1
BRDA:51,4,1,3
BRDA:90,5,0,3
BRDA:90,5,1,1
BRDA:105,6,0,2
BRDA:105,6,1,5
BRDA:105,7,0,7
BRDA:105,7,1,5
BRDA:109,8,0,1
BRDA:109,8,1,4
BRDA:109,9,0,5
BRDA:109,9,1,4
BRDA:128,10,0,1
BRDA:128,10,1,2
BRDA:156,11,0,4
BRDA:156,11,1,3
BRDA:171,12,0,1
BRDA:171,12,1,5
BRDA:171,13,0,6
BRDA:171,13,1,5
BRDA:175,14,0,1
BRDA:175,14,1,4
BRDA:175,15,0,5
BRDA:175,15,1,4
BRDA:184,16,0,1
BRDA:184,16,1,2
BRDA:201,17,0,1
BRDA:201,17,1,1
BRDA:233,18,0,3
BRDA:233,18,1,1
BRDA:254,19,0,12
BRDA:255,20,0,14
BRDA:261,21,0,1
BRDA:261,21,1,13
BRDA:261,22,0,14
BRDA:261,22,1,13
BRDA:265,23,0,1
BRDA:265,23,1,12
BRDA:265,24,0,13
BRDA:265,24,1,12
BRDA:269,25,0,1
BRDA:269,25,1,11
BRDA:269,26,0,12
BRDA:269,26,1,11
BRDA:278,27,0,1
BRDA:278,27,1,10
BRDA:282,28,0,1
BRDA:282,28,1,9
BRDA:288,29,0,0
BRDA:288,29,1,0
BRDA:294,30,0,0
BRDA:294,30,1,0
BRDA:304,31,0,0
BRDA:304,31,1,0
BRDA:320,32,0,0
BRDA:320,32,1,0
BRDA:330,33,0,0
BRDA:330,33,1,0
BRDA:391,34,0,0
BRDA:391,34,1,0
BRDA:399,35,0,0
BRDA:399,35,1,0
BRDA:426,36,0,0
BRDA:426,36,1,0
BRDA:426,36,2,0
BRDA:426,36,3,0
BRDA:426,36,4,0
BRDA:426,36,5,0
BRDA:431,37,0,0
BRDA:431,37,1,0
BRDA:480,38,0,5
BRDA:480,38,1,9
BRDA:493,39,0,5
BRDA:496,40,0,1
BRDA:496,40,1,5
BRDA:496,41,0,6
BRDA:496,41,1,5
BRDA:500,42,0,1
BRDA:500,42,1,4
BRDA:500,43,0,5
BRDA:500,43,1,4
BRDA:504,44,0,3
BRDA:526,45,0,1
BRDA:526,45,1,3
BRDA:571,46,0,2
BRDA:571,46,1,1
BRDA:577,47,0,2
BRDA:577,47,1,1
BRDA:610,48,0,0
BRDA:610,48,1,0
BRDA:615,49,0,0
BRDA:615,49,1,0
BRDA:625,50,0,0
BRDA:625,50,1,0
BRDA:628,51,0,0
BRDA:628,51,1,0
BRDA:628,52,0,0
BRDA:628,52,1,0
BRDA:636,53,0,0
BRDA:636,53,1,0
BRDA:665,54,0,0
BRDA:665,54,1,0
BRDA:689,55,0,0
BRDA:689,55,1,0
BRDA:694,56,0,0
BRDA:694,56,1,0
BRDA:699,57,0,0
BRDA:699,57,1,0
BRDA:706,58,0,0
BRDA:706,58,1,0
BRDA:711,59,0,0
BRDA:711,59,1,0
BRDA:716,60,0,0
BRDA:716,60,1,0
BRDA:800,61,0,0
BRDA:800,61,1,0
BRDA:807,62,0,0
BRDA:807,62,1,0
BRDA:817,63,0,0
BRDA:817,63,1,0
BRDA:817,63,2,0
BRDA:817,63,3,0
BRDA:817,63,4,0
BRDA:817,63,5,0
BRDA:822,64,0,0
BRDA:822,64,1,0
BRDA:846,65,0,0
BRDA:846,65,1,0
BRDA:847,66,0,0
BRDA:847,66,1,0
BRDA:884,67,0,0
BRDA:884,67,1,0
BRDA:917,68,0,0
BRDA:917,68,1,0
BRDA:937,69,0,0
BRDA:937,69,1,0
BRDA:954,70,0,0
BRDA:954,70,1,0
BRDA:955,71,0,0
BRDA:955,71,1,0
BRDA:1008,72,0,0
BRDA:1008,72,1,0
BRDA:1046,73,0,0
BRDA:1046,73,1,0
BRDA:1054,74,0,0
BRDA:1054,74,1,0
BRDA:1057,75,0,0
BRDA:1057,75,1,0
BRDA:1057,76,0,0
BRDA:1057,76,1,0
BRDA:1068,77,0,0
BRDA:1068,77,1,0
BRDA:1076,78,0,0
BRDA:1076,78,1,0
BRDA:1085,79,0,0
BRDA:1085,79,1,0
BRDA:1098,80,0,0
BRDA:1123,81,0,0
BRDA:1123,81,1,0
BRDA:1131,82,0,0
BRDA:1131,82,1,0
BRDA:1134,83,0,0
BRDA:1134,83,1,0
BRDA:1134,84,0,0
BRDA:1134,84,1,0
BRDA:1142,85,0,0
BRDA:1142,85,1,0
BRDA:1147,86,0,0
BRDA:1147,86,1,0
BRDA:1182,87,0,0
BRDA:1182,87,1,0
BRDA:1188,88,0,0
BRDA:1188,88,1,0
BRDA:1203,89,0,0
BRDA:1203,89,1,0
BRDA:1235,90,0,0
BRDA:1235,90,1,0
BRDA:1240,91,0,0
BRDA:1240,91,1,0
BRDA:1266,92,0,0
BRDA:1266,92,1,0
BRDA:1270,93,0,0
BRDA:1270,93,1,0
BRF:189
BRH:72
end_of_record
